<?xml version="1.0" encoding="UTF-8"?>
<testng-results skipped="0" failed="0" ignored="0" total="4" passed="4">
  <reporter-output>
  </reporter-output>
  <suite name="example.NewTest" duration-ms="57534" started-at="2019-10-12T17:49:39Z" finished-at="2019-10-12T17:50:37Z">
    <groups>
    </groups>
    <test name="Command line test" duration-ms="57534" started-at="2019-10-12T17:49:39Z" finished-at="2019-10-12T17:50:37Z">
      <class name="example.NewTest">
        <test-method status="PASS" signature="beforeTest()[pri:0, instance:example.NewTest@49e4cb85]" name="beforeTest" is-config="true" duration-ms="3793" started-at="2019-10-12T23:19:39Z" finished-at="2019-10-12T23:19:43Z">
          <reporter-output>
          </reporter-output>
        </test-method> <!-- beforeTest -->
        <test-method status="PASS" signature="testEasy()[pri:0, instance:example.NewTest@49e4cb85]" name="testEasy" duration-ms="14842" started-at="2019-10-12T23:19:43Z" finished-at="2019-10-12T23:19:58Z">
          <reporter-output>
          </reporter-output>
        </test-method> <!-- testEasy -->
        <test-method status="PASS" signature="testEasy1()[pri:0, instance:example.NewTest@49e4cb85]" name="testEasy1" duration-ms="12354" started-at="2019-10-12T23:19:58Z" finished-at="2019-10-12T23:20:10Z">
          <reporter-output>
          </reporter-output>
        </test-method> <!-- testEasy1 -->
        <test-method status="PASS" signature="testEasy2()[pri:0, instance:example.NewTest@49e4cb85]" name="testEasy2" duration-ms="13437" started-at="2019-10-12T23:20:10Z" finished-at="2019-10-12T23:20:24Z">
          <reporter-output>
          </reporter-output>
        </test-method> <!-- testEasy2 -->
        <test-method status="PASS" signature="testEasy3()[pri:0, instance:example.NewTest@49e4cb85]" name="testEasy3" duration-ms="12458" started-at="2019-10-12T23:20:24Z" finished-at="2019-10-12T23:20:36Z">
          <reporter-output>
          </reporter-output>
        </test-method> <!-- testEasy3 -->
        <test-method status="PASS" signature="afterTest()[pri:0, instance:example.NewTest@49e4cb85]" name="afterTest" is-config="true" duration-ms="631" started-at="2019-10-12T23:20:36Z" finished-at="2019-10-12T23:20:37Z">
          <reporter-output>
          </reporter-output>
        </test-method> <!-- afterTest -->
      </class> <!-- example.NewTest -->
    </test> <!-- Command line test -->
  </suite> <!-- example.NewTest -->
</testng-results>
