<?xml version="1.0" encoding="UTF-8"?>
<!-- Generated by org.testng.reporters.JUnitXMLReporter -->
<testsuite hostname="DESKTOP-KB46RVK" ignored="0" name="Command line test" tests="4" failures="0" timestamp="12 Oct 2019 17:50:37 GMT" time="57.534" errors="0">
  <testcase name="testEasy" time="14.842" classname="example.NewTest"/>
  <testcase name="testEasy1" time="12.354" classname="example.NewTest"/>
  <testcase name="testEasy2" time="13.437" classname="example.NewTest"/>
  <testcase name="testEasy3" time="12.458" classname="example.NewTest"/>
</testsuite> <!-- Command line test -->
